<?xml version="1.0" encoding="UTF-8"?>
<!-- Generated by org.testng.reporters.JUnitXMLReporter -->
<testsuite ignored="2" hostname="Cibhichakaravarthi" failures="0" tests="1" name="Default test" time="9.109" errors="0" timestamp="2025-05-08T22:46:52 IST">
  <testcase classname="demoblaze.tests.ShoppingCart" name="validateAddToCartWithoutLogin" time="5.13"/>
  <testcase classname="demoblaze.tests.ShoppingCart" name="removeProductFromCart" time="0.0">
    <ignored/>
  </testcase> <!-- removeProductFromCart -->
  <testcase classname="demoblaze.tests.ShoppingCart" name="addMultipleProductsToCart" time="0.0">
    <ignored/>
  </testcase> <!-- addMultipleProductsToCart -->
</testsuite> <!-- Default test -->
