<?xml version="1.0" encoding="UTF-8"?>
<!-- Generated by org.testng.reporters.JUnitXMLReporter -->
<testsuite ignored="0" hostname="Cibhichakaravarthi" failures="0" tests="16" name="Test" time="129.396" errors="0" timestamp="2025-05-08T22:55:24 IST">
  <testcase classname="demoblaze.tests.SignUp" name="SignUpWithValidDetails" time="2.051"/>
  <testcase classname="demoblaze.tests.SignUp" name="SignUpWithExistingUsername" time="1.78"/>
  <testcase classname="demoblaze.tests.SignUp" name="SignUpWithEmptyUsername" time="0.825"/>
  <testcase classname="demoblaze.tests.SignUp" name="SignUpWithEmptyPassword" time="0.912"/>
  <testcase classname="demoblaze.tests.SignUp" name="SignUpWithEmptyFields" time="1.014"/>
  <testcase classname="demoblaze.tests.Login" name="LoginWithValidDetails" time="2.844"/>
  <testcase classname="demoblaze.tests.Login" name="LoginWithInvalidPassword" time="1.009"/>
  <testcase classname="demoblaze.tests.Login" name="LoginWithEmptyEmail" time="0.932"/>
  <testcase classname="demoblaze.tests.ShoppingCart" name="addMultipleProductsToCart" time="8.903"/>
  <testcase classname="demoblaze.tests.ShoppingCart" name="removeProductFromCart" time="17.183"/>
  <testcase classname="demoblaze.tests.ShoppingCart" name="validateAddToCartWithoutLogin" time="4.401"/>
  <testcase classname="demoblaze.tests.Checkout" name="validateCheckoutProcess" time="6.322"/>
  <testcase classname="demoblaze.tests.Checkout" name="validateCheckoutWithExpiredCard" time="5.002"/>
  <testcase classname="demoblaze.tests.Checkout" name="validateCheckoutWithInvalidCard" time="5.574"/>
  <testcase classname="demoblaze.tests.Checkout" name="validateCheckoutWithMultipleProducts" time="8.87"/>
  <testcase classname="demoblaze.tests.Checkout" name="validateCheckoutWithoutDetails" time="4.805"/>
</testsuite> <!-- Test -->
